-------------------------------------------------------------------------------
Test set: com.example.restservice.GreetingControllerTests
-------------------------------------------------------------------------------
Tests run: 2, Failures: 0, Errors: 2, Skipped: 0, Time elapsed: 5.649 s <<< FAILURE! - in com.example.restservice.GreetingControllerTests
noParamGreetingShouldReturnDefaultMessage  Time elapsed: 0.006 s  <<< ERROR!
java.lang.IllegalStateException: Failed to load ApplicationContext
Caused by: org.springframework.beans.factory.BeanCreationException: Error creating bean with name 'greetingController' defined in file [C:\Users\igor.simoes\GitRepos\gs-rest-service\complete_mvn\target\classes\com\example\restservice\GreetingController.class]: Instantiation of bean failed; nested exception is java.lang.ExceptionInInitializerError
Caused by: java.lang.ExceptionInInitializerError
Caused by: java.lang.RuntimeException: Uncompilable source code - Erroneous tree type: org.apache.log4j.Logger

paramGreetingShouldReturnTailoredMessage  Time elapsed: 0 s  <<< ERROR!
java.lang.IllegalStateException: Failed to load ApplicationContext
Caused by: org.springframework.beans.factory.BeanCreationException: Error creating bean with name 'greetingController' defined in file [C:\Users\igor.simoes\GitRepos\gs-rest-service\complete_mvn\target\classes\com\example\restservice\GreetingController.class]: Instantiation of bean failed; nested exception is java.lang.NoClassDefFoundError: Could not initialize class com.example.restservice.GreetingController
Caused by: java.lang.NoClassDefFoundError: Could not initialize class com.example.restservice.GreetingController

